[    0.000000] Linux version 4.15.0-197-generic (buildd@lcy02-amd64-110) (gcc version 7.5.0 (Ubuntu 7.5.0-3ubuntu1~18.04)) #208-Ubuntu SMP Tue Nov 1 17:23:37 UTC 2022 (Ubuntu 4.15.0-197.208-generic 4.15.18)
[    0.000000] Command line: BOOT_IMAGE=/boot/vmlinuz-4.15.0-197-generic root=LABEL=cloudimg-rootfs ro console=tty1 console=ttyS0
[    0.000000] KERNEL supported cpus:
[    0.000000]   Intel GenuineIntel
[    0.000000]   AMD AuthenticAMD
[    0.000000]   Centaur CentaurHauls
[    0.000000] [Firmware Bug]: TSC doesn't count with P0 frequency!
[    0.000000] x86/fpu: Supporting XSAVE feature 0x001: 'x87 floating point registers'
[    0.000000] x86/fpu: Supporting XSAVE feature 0x002: 'SSE registers'
[    0.000000] x86/fpu: Supporting XSAVE feature 0x004: 'AVX registers'
[    0.000000] x86/fpu: xstate_offset[2]:  576, xstate_sizes[2]:  256
[    0.000000] x86/fpu: Enabled xstate features 0x7, context size is 832 bytes, using 'standard' format.
[    0.000000] e820: BIOS-provided physical RAM map:
[    0.000000] BIOS-e820: [mem 0x0000000000000000-0x000000000009fbff] usable
[    0.000000] BIOS-e820: [mem 0x000000000009fc00-0x000000000009ffff] reserved
[    0.000000] BIOS-e820: [mem 0x00000000000f0000-0x00000000000fffff] reserved
[    0.000000] BIOS-e820: [mem 0x0000000000100000-0x000000003ffeffff] usable
[    0.000000] BIOS-e820: [mem 0x000000003fff0000-0x000000003fffffff] ACPI data
[    0.000000] BIOS-e820: [mem 0x00000000fec00000-0x00000000fec00fff] reserved
[    0.000000] BIOS-e820: [mem 0x00000000fee00000-0x00000000fee00fff] reserved
[    0.000000] BIOS-e820: [mem 0x00000000fffc0000-0x00000000ffffffff] reserved
[    0.000000] NX (Execute Disable) protection: active
[    0.000000] SMBIOS 2.5 present.
[    0.000000] DMI: innotek GmbH VirtualBox/VirtualBox, BIOS VirtualBox 12/01/2006
[    0.000000] Hypervisor detected: KVM
[    0.000000] e820: last_pfn = 0x3fff0 max_arch_pfn = 0x400000000
[    0.000000] MTRR: Disabled
[    0.000000] x86/PAT: MTRRs disabled, skipping PAT initialization too.
[    0.000000] CPU MTRRs all blank - virtualized system.
[    0.000000] x86/PAT: Configuration [0-7]: WB  WT  UC- UC  WB  WT  UC- UC  
[    0.000000] found SMP MP-table at [mem 0x0009fff0-0x0009ffff]
[    0.000000] Scanning 1 areas for low memory corruption
[    0.000000] RAMDISK: [mem 0x359c7000-0x36cdafff]
[    0.000000] ACPI: Early table checksum verification disabled
[    0.000000] ACPI: RSDP 0x00000000000E0000 000024 (v02 VBOX  )
[    0.000000] ACPI: XSDT 0x000000003FFF0030 00003C (v01 VBOX   VBOXXSDT 00000001 ASL  00000061)
[    0.000000] ACPI: FACP 0x000000003FFF00F0 0000F4 (v04 VBOX   VBOXFACP 00000001 ASL  00000061)
[    0.000000] ACPI: DSDT 0x000000003FFF0610 002353 (v02 VBOX   VBOXBIOS 00000002 INTL 20100528)
[    0.000000] ACPI: FACS 0x000000003FFF0200 000040
[    0.000000] ACPI: FACS 0x000000003FFF0200 000040
[    0.000000] ACPI: APIC 0x000000003FFF0240 00005C (v02 VBOX   VBOXAPIC 00000001 ASL  00000061)
[    0.000000] ACPI: SSDT 0x000000003FFF02A0 00036C (v01 VBOX   VBOXCPUT 00000002 INTL 20100528)
[    0.000000] ACPI: Reserving FACP table memory at [mem 0x3fff00f0-0x3fff01e3]
[    0.000000] ACPI: Reserving DSDT table memory at [mem 0x3fff0610-0x3fff2962]
[    0.000000] ACPI: Reserving FACS table memory at [mem 0x3fff0200-0x3fff023f]
[    0.000000] ACPI: Reserving FACS table memory at [mem 0x3fff0200-0x3fff023f]
[    0.000000] ACPI: Reserving APIC table memory at [mem 0x3fff0240-0x3fff029b]
[    0.000000] ACPI: Reserving SSDT table memory at [mem 0x3fff02a0-0x3fff060b]
[    0.000000] No NUMA configuration found
[    0.000000] Faking a node at [mem 0x0000000000000000-0x000000003ffeffff]
[    0.000000] NODE_DATA(0) allocated [mem 0x3ffc5000-0x3ffeffff]
[    0.000000] kvm-clock: cpu 0, msr 0:3ff44001, primary cpu clock
[    0.000000] kvm-clock: Using msrs 4b564d01 and 4b564d00
[    0.000000] kvm-clock: using sched offset of 3171784246 cycles
[    0.000000] clocksource: kvm-clock: mask: 0xffffffffffffffff max_cycles: 0x1cd42e4dffb, max_idle_ns: 881590591483 ns
[    0.000000] Zone ranges:
[    0.000000]   DMA      [mem 0x0000000000001000-0x0000000000ffffff]
[    0.000000]   DMA32    [mem 0x0000000001000000-0x000000003ffeffff]
[    0.000000]   Normal   empty
[    0.000000]   Device   empty
[    0.000000] Movable zone start for each node
[    0.000000] Early memory node ranges
[    0.000000]   node   0: [mem 0x0000000000001000-0x000000000009efff]
[    0.000000]   node   0: [mem 0x0000000000100000-0x000000003ffeffff]
[    0.000000] Reserved but unavailable: 104 pages
[    0.000000] Initmem setup node 0 [mem 0x0000000000001000-0x000000003ffeffff]
[    0.000000] ACPI: PM-Timer IO Port: 0x4008
[    0.000000] IOAPIC[0]: apic_id 2, version 32, address 0xfec00000, GSI 0-23
[    0.000000] ACPI: INT_SRC_OVR (bus 0 bus_irq 0 global_irq 2 dfl dfl)
[    0.000000] ACPI: INT_SRC_OVR (bus 0 bus_irq 9 global_irq 9 low level)
[    0.000000] Using ACPI (MADT) for SMP configuration information
[    0.000000] smpboot: Allowing 2 CPUs, 0 hotplug CPUs
[    0.000000] PM: Registered nosave memory: [mem 0x00000000-0x00000fff]
[    0.000000] PM: Registered nosave memory: [mem 0x0009f000-0x0009ffff]
[    0.000000] PM: Registered nosave memory: [mem 0x000a0000-0x000effff]
[    0.000000] PM: Registered nosave memory: [mem 0x000f0000-0x000fffff]
[    0.000000] e820: [mem 0x40000000-0xfebfffff] available for PCI devices
[    0.000000] Booting paravirtualized kernel on KVM
[    0.000000] clocksource: refined-jiffies: mask: 0xffffffff max_cycles: 0xffffffff, max_idle_ns: 7645519600211568 ns
[    0.000000] setup_percpu: NR_CPUS:8192 nr_cpumask_bits:2 nr_cpu_ids:2 nr_node_ids:1
[    0.000000] percpu: Embedded 50 pages/cpu s167936 r8192 d28672 u1048576
[    0.000000] PV qspinlock hash table entries: 256 (order: 0, 4096 bytes)
[    0.000000] Built 1 zonelists, mobility grouping on.  Total pages: 257913
[    0.000000] Policy zone: DMA32
[    0.000000] Kernel command line: BOOT_IMAGE=/boot/vmlinuz-4.15.0-197-generic root=LABEL=cloudimg-rootfs ro console=tty1 console=ttyS0
[    0.000000] Memory: 982644K/1048120K available (12300K kernel code, 2477K rwdata, 4320K rodata, 2472K init, 2720K bss, 65476K reserved, 0K cma-reserved)
[    0.000000] SLUB: HWalign=64, Order=0-3, MinObjects=0, CPUs=2, Nodes=1
[    0.000000] ftrace: allocating 39478 entries in 155 pages
[    0.004000] Hierarchical RCU implementation.
[    0.004000] 	RCU restricting CPUs from NR_CPUS=8192 to nr_cpu_ids=2.
[    0.004000] 	Tasks RCU enabled.
[    0.004000] RCU: Adjusting geometry for rcu_fanout_leaf=16, nr_cpu_ids=2
[    0.004000] NR_IRQS: 524544, nr_irqs: 440, preallocated irqs: 16
[    0.004000] random: crng init done
[    0.004000] Console: colour VGA+ 80x25
[    0.004000] console [tty1] enabled
[    0.004000] console [ttyS0] enabled
[    0.004000] ACPI: Core revision 20170831
[    0.004000] ACPI: 2 ACPI AML tables successfully acquired and loaded
[    0.004000] APIC: Switch to symmetric I/O mode setup
[    0.004000] x2apic enabled
[    0.004000] Switched APIC routing to physical x2apic.
[    0.004000] ..TIMER: vector=0x30 apic1=0 pin1=2 apic2=-1 pin2=-1
[    0.004000] tsc: Detected 2595.092 MHz processor
[    0.004000] Calibrating delay loop (skipped) preset value.. 5190.18 BogoMIPS (lpj=10380368)
[    0.004000] pid_max: default: 32768 minimum: 301
[    0.004000] Security Framework initialized
[    0.004000] Yama: becoming mindful.
[    0.004000] AppArmor: AppArmor initialized
[    0.004000] Dentry cache hash table entries: 131072 (order: 8, 1048576 bytes)
[    0.004000] Inode-cache hash table entries: 65536 (order: 7, 524288 bytes)
[    0.004000] Mount-cache hash table entries: 2048 (order: 2, 16384 bytes)
[    0.004000] Mountpoint-cache hash table entries: 2048 (order: 2, 16384 bytes)
[    0.004000] Last level iTLB entries: 4KB 1024, 2MB 1024, 4MB 512
[    0.004000] Last level dTLB entries: 4KB 1536, 2MB 1536, 4MB 768, 1GB 0
[    0.004000] Spectre V1 : Mitigation: usercopy/swapgs barriers and __user pointer sanitization
[    0.004000] Spectre V2 : Mitigation: Retpolines
[    0.004000] Spectre V2 : Spectre v2 / SpectreRSB mitigation: Filling RSB on context switch
[    0.004000] Freeing SMP alternatives memory: 36K
[    0.130765] APIC calibration not consistent with PM-Timer: 115ms instead of 100ms
[    0.131942] APIC delta adjusted to PM-Timer: 6466061 (7475023)
[    0.132065] smpboot: CPU0: AMD Ryzen 3 3250U with Radeon Graphics (family: 0x17, model: 0x18, stepping: 0x1)
[    0.133647] Performance Events: PMU not available due to virtualization, using software events only.
[    0.135532] Hierarchical SRCU implementation.
[    0.136676] NMI watchdog: Perf event create on CPU 0 failed with -2
[    0.137898] NMI watchdog: Perf NMI watchdog permanently disabled
[    0.139135] smp: Bringing up secondary CPUs ...
[    0.140000] x86: Booting SMP configuration:
[    0.140004] .... node  #0, CPUs:      #1
[    0.004000] kvm-clock: cpu 1, msr 0:3ff44041, secondary cpu clock
[    0.144022] smp: Brought up 1 node, 2 CPUs
[    0.144580] smpboot: Max logical packages: 1
[    0.145156] smpboot: Total of 2 processors activated (10380.36 BogoMIPS)
[    0.146145] devtmpfs: initialized
[    0.146145] x86/mm: Memory block size: 128MB
[    0.148143] evm: security.selinux
[    0.148625] evm: security.SMACK64
[    0.149097] evm: security.SMACK64EXEC
[    0.149641] evm: security.SMACK64TRANSMUTE
[    0.150228] evm: security.SMACK64MMAP
[    0.150743] evm: security.apparmor
[    0.151228] evm: security.ima
[    0.151670] evm: security.capability
[    0.152060] clocksource: jiffies: mask: 0xffffffff max_cycles: 0xffffffff, max_idle_ns: 7645041785100000 ns
[    0.153311] futex hash table entries: 512 (order: 3, 32768 bytes)
[    0.154168] pinctrl core: initialized pinctrl subsystem
[    0.156076] RTC time:  5:56:35, date: 11/24/22
[    0.156831] NET: Registered protocol family 16
[    0.157510] audit: initializing netlink subsys (disabled)
[    0.158246] audit: type=2000 audit(1669269400.318:1): state=initialized audit_enabled=0 res=1
[    0.158246] cpuidle: using governor ladder
[    0.160042] cpuidle: using governor menu
[    0.160712] ACPI: bus type PCI registered
[    0.160712] acpiphp: ACPI Hot Plug PCI Controller Driver version: 0.5
[    0.161534] PCI: Using configuration type 1 for base access
[    0.162254] PCI: Using configuration type 1 for extended access
[    0.164855] HugeTLB registered 2.00 MiB page size, pre-allocated 0 pages
[    0.165075] ACPI: Added _OSI(Module Device)
[    0.165075] ACPI: Added _OSI(Processor Device)
[    0.165241] ACPI: Added _OSI(3.0 _SCP Extensions)
[    0.165877] ACPI: Added _OSI(Processor Aggregator Device)
[    0.168008] ACPI: Added _OSI(Linux-Dell-Video)
[    0.168640] ACPI: Added _OSI(Linux-Lenovo-NV-HDMI-Audio)
[    0.169367] ACPI: Added _OSI(Linux-HPI-Hybrid-Graphics)
[    0.170338] ACPI: Executed 1 blocks of module-level executable AML code
[    0.175209] ACPI: Interpreter enabled
[    0.175757] ACPI: (supports S0 S5)
[    0.176003] ACPI: Using IOAPIC for interrupt routing
[    0.176895] PCI: Using host bridge windows from ACPI; if necessary, use "pci=nocrs" and report a bug
[    0.178559] ACPI: Enabled 2 GPEs in block 00 to 07
[    0.185362] ACPI: PCI Root Bridge [PCI0] (domain 0000 [bus 00-ff])
[    0.186260] acpi PNP0A03:00: _OSC: OS supports [ExtendedConfig ASPM ClockPM Segments MSI]
[    0.188288] acpi PNP0A03:00: _OSC: platform does not support [PCIeCapability]
[    0.189992] acpi PNP0A03:00: _OSC: not requesting control; platform does not support [PCIeCapability]
[    0.191515] acpi PNP0A03:00: _OSC: OS requested [PCIeHotplug PME AER PCIeCapability]
[    0.192004] acpi PNP0A03:00: _OSC: platform willing to grant [PCIeHotplug PME AER]
[    0.193265] acpi PNP0A03:00: _OSC failed (AE_SUPPORT); disabling ASPM
[    0.195294] PCI host bridge to bus 0000:00
[    0.195882] pci_bus 0000:00: root bus resource [io  0x0000-0x0cf7 window]
[    0.196003] pci_bus 0000:00: root bus resource [io  0x0d00-0xffff window]
[    0.196963] pci_bus 0000:00: root bus resource [mem 0x000a0000-0x000bffff window]
[    0.198013] pci_bus 0000:00: root bus resource [mem 0x40000000-0xfdffffff window]
[    0.199070] pci_bus 0000:00: root bus resource [bus 00-ff]
[    0.201350] pci 0000:00:01.1: legacy IDE quirk: reg 0x10: [io  0x01f0-0x01f7]
[    0.202324] pci 0000:00:01.1: legacy IDE quirk: reg 0x14: [io  0x03f6]
[    0.203419] pci 0000:00:01.1: legacy IDE quirk: reg 0x18: [io  0x0170-0x0177]
[    0.204003] pci 0000:00:01.1: legacy IDE quirk: reg 0x1c: [io  0x0376]
[    0.228173] pci 0000:00:07.0: quirk: [io  0x4000-0x403f] claimed by PIIX4 ACPI
[    0.229435] pci 0000:00:07.0: quirk: [io  0x4100-0x410f] claimed by PIIX4 SMB
[    0.238216] ACPI: PCI Interrupt Link [LNKA] (IRQs 5 9 10 *11)
[    0.239442] ACPI: PCI Interrupt Link [LNKB] (IRQs 5 9 *10 11)
[    0.240109] ACPI: PCI Interrupt Link [LNKC] (IRQs 5 *9 10 11)
[    0.241026] ACPI: PCI Interrupt Link [LNKD] (IRQs 5 9 10 *11)
[    0.242219] SCSI subsystem initialized
[    0.242806] pci 0000:00:02.0: vgaarb: setting as boot VGA device
[    0.242806] pci 0000:00:02.0: vgaarb: VGA device added: decodes=io+mem,owns=io+mem,locks=none
[    0.244009] pci 0000:00:02.0: vgaarb: bridge control possible
[    0.244843] vgaarb: loaded
[    0.245297] ACPI: bus type USB registered
[    0.245931] usbcore: registered new interface driver usbfs
[    0.246729] usbcore: registered new interface driver hub
[    0.247490] usbcore: registered new device driver usb
[    0.248044] EDAC MC: Ver: 3.0.0
[    0.248673] PCI: Using ACPI for IRQ routing
[    0.248901] NetLabel: Initializing
[    0.249485] NetLabel:  domain hash size = 128
[    0.250192] NetLabel:  protocols = UNLABELED CIPSOv4 CALIPSO
[    0.252021] NetLabel:  unlabeled traffic allowed by default
[    0.252926] clocksource: Switched to clocksource kvm-clock
[    0.258555] VFS: Disk quotas dquot_6.6.0
[    0.258555] VFS: Dquot-cache hash table entries: 512 (order 0, 4096 bytes)
[    0.258555] AppArmor: AppArmor Filesystem Enabled
[    0.258555] pnp: PnP ACPI init
[    0.258555] pnp: PnP ACPI: found 3 devices
[    0.281276] clocksource: acpi_pm: mask: 0xffffff max_cycles: 0xffffff, max_idle_ns: 2085701024 ns
[    0.282522] NET: Registered protocol family 2
[    0.283138] IP idents hash table entries: 16384 (order: 5, 131072 bytes)
[    0.285246] TCP established hash table entries: 8192 (order: 4, 65536 bytes)
[    0.286455] TCP bind hash table entries: 8192 (order: 5, 131072 bytes)
[    0.287581] TCP: Hash tables configured (established 8192 bind 8192)
[    0.288695] UDP hash table entries: 512 (order: 2, 16384 bytes)
[    0.289529] UDP-Lite hash table entries: 512 (order: 2, 16384 bytes)
[    0.290416] NET: Registered protocol family 1
[    0.291049] pci 0000:00:00.0: Limiting direct PCI/PCI transfers
[    0.291870] pci 0000:00:01.0: Activating ISA DMA hang workarounds
[    0.292661] pci 0000:00:02.0: Video device with shadowed ROM at [mem 0x000c0000-0x000dffff]
[    0.292661] Unpacking initramfs...
[    0.292661] Freeing initrd memory: 19536K
[    0.292661] clocksource: tsc: mask: 0xffffffffffffffff max_cycles: 0x25681fe5eb7, max_idle_ns: 440795297369 ns
[    0.292661] platform rtc_cmos: registered platform RTC device (no PNP device found)
[    0.292661] Scanning for low memory corruption every 60 seconds
[    0.600443] Initialise system trusted keyrings
[    0.601478] Key type blacklist registered
[    0.602492] workingset: timestamp_bits=36 max_order=18 bucket_order=0
[    0.604283] zbud: loaded
[    0.605269] squashfs: version 4.0 (2009/01/31) Phillip Lougher
[    0.606304] fuse init (API version 7.26)
[    0.610406] Key type asymmetric registered
[    0.611100] Asymmetric key parser 'x509' registered
[    0.611879] Block layer SCSI generic (bsg) driver version 0.4 loaded (major 246)
[    0.613161] io scheduler noop registered
[    0.613777] io scheduler deadline registered
[    0.614456] io scheduler cfq registered (default)
[    0.615474] ACPI: AC Adapter [AC] (on-line)
[    0.616172] input: Power Button as /devices/LNXSYSTM:00/LNXPWRBN:00/input/input0
[    0.617397] ACPI: Power Button [PWRF]
[    0.618036] input: Sleep Button as /devices/LNXSYSTM:00/LNXSLPBN:00/input/input1
[    0.619224] ACPI: Sleep Button [SLPF]
[    0.620225] Serial: 8250/16550 driver, 32 ports, IRQ sharing enabled
[    0.641753] 00:02: ttyS0 at I/O 0x3f8 (irq = 4, base_baud = 115200) is a 16550A
[    0.645554] Linux agpgart interface v0.103
[    0.649546] loop: module loaded
[    0.650931] scsi host0: ata_piix
[    0.651569] scsi host1: ata_piix
[    0.652323] ata1: PATA max UDMA/33 cmd 0x1f0 ctl 0x3f6 bmdma 0xd000 irq 14
[    0.653769] ata2: PATA max UDMA/33 cmd 0x170 ctl 0x376 bmdma 0xd008 irq 15
[    0.655150] tun: Universal TUN/TAP device driver, 1.6
[    0.656154] PPP generic driver version 2.4.2
[    0.656972] ehci_hcd: USB 2.0 'Enhanced' Host Controller (EHCI) Driver
[    0.658061] ehci-pci: EHCI PCI platform driver
[    0.658759] ehci-platform: EHCI generic platform driver
[    0.659542] ohci_hcd: USB 1.1 'Open' Host Controller (OHCI) Driver
[    0.660526] ohci-pci: OHCI PCI platform driver
[    0.661177] ohci-platform: OHCI generic platform driver
[    0.661921] uhci_hcd: USB Universal Host Controller Interface driver
[    0.662818] i8042: PNP: PS/2 Controller [PNP0303:PS2K,PNP0f03:PS2M] at 0x60,0x64 irq 1,12
[    0.664339] serio: i8042 KBD port at 0x60,0x64 irq 1
[    0.665170] serio: i8042 AUX port at 0x60,0x64 irq 12
[    0.666180] mousedev: PS/2 mouse device common for all mice
[    0.667641] input: AT Translated Set 2 keyboard as /devices/platform/i8042/serio0/input/input2
[    0.668579] rtc_cmos rtc_cmos: rtc core: registered rtc_cmos as rtc0
[    0.669993] rtc_cmos rtc_cmos: alarms up to one day, 114 bytes nvram
[    0.670974] i2c /dev entries driver
[    0.671612] device-mapper: uevent: version 1.0.3
[    0.672439] device-mapper: ioctl: 4.37.0-ioctl (2017-09-20) initialised: dm-devel@redhat.com
[    0.673803] ledtrig-cpu: registered to indicate activity on CPUs
[    0.675093] NET: Registered protocol family 10
[    0.679082] Segment Routing with IPv6
[    0.679765] NET: Registered protocol family 17
[    0.680592] Key type dns_resolver registered
[    0.681425] mce: Using 0 MCE banks
[    0.681939] RAS: Correctable Errors collector initialized.
[    0.682716] sched_clock: Marking stable (681397517, 0)->(835358597, -153961080)
[    0.684222] registered taskstats version 1
[    0.684960] Loading compiled-in X.509 certificates
[    0.687749] Loaded X.509 cert 'Build time autogenerated kernel key: ffc9dd3886e7b6bb89620497cc57c4262b59bc54'
[    0.689774] Loaded X.509 cert 'Canonical Ltd. Live Patch Signing: 14df34d1a87cf37625abec039ef2bf521249b969'
[    0.691800] Loaded X.509 cert 'Canonical Ltd. Kernel Module Signing: 88f752e560a1e0737e31163a466ad7b70a850c19'
[    0.693160] blacklist: Loading compiled-in revocation X.509 certificates
[    0.694160] Loaded X.509 cert 'Canonical Ltd. Secure Boot Signing: 61482aa2830d0ab2ad5af10b7250da9033ddcef0'
[    0.695517] zswap: loaded using pool lzo/zbud
[    0.699228] Key type big_key registered
[    0.699889] Key type trusted registered
[    0.701873] Key type encrypted registered
[    0.702478] AppArmor: AppArmor sha1 policy hashing enabled
[    0.703337] ima: No TPM chip found, activating TPM-bypass! (rc=-19)
[    0.704244] ima: Allocated hash algorithm: sha1
[    0.705012] evm: HMAC attrs: 0x1
[    0.705736]   Magic number: 14:254:922
[    0.706428] rtc_cmos rtc_cmos: setting system clock to 2022-11-24 05:56:36 UTC (1669269396)
[    0.707709] BIOS EDD facility v0.16 2004-Jun-25, 0 devices found
[    0.708573] EDD information not available.
[    0.842138] Freeing unused kernel image memory: 2472K
[    0.856021] Write protecting the kernel read-only data: 20480k
[    0.858174] Freeing unused kernel image memory: 2008K
[    0.859814] Freeing unused kernel image memory: 1824K
[    0.871003] x86/mm: Checked W+X mappings: passed, no W+X pages found.
Loading, please wait...
starting version 237
[    0.928286] Fusion MPT base driver 3.04.20
[    0.929074] Copyright (c) 1999-2008 LSI Corporation
[    0.934076] e1000: Intel(R) PRO/1000 Network Driver - version 7.3.21-k8-NAPI
[    0.935666] e1000: Copyright (c) 1999-2006 Intel Corporation.
[    0.947040] Fusion MPT SPI Host driver 3.04.20
[    0.950932] AVX2 version of gcm_enc/dec engaged.
[    0.952025] AES CTR mode by8 optimization enabled
[    1.151434] input: ImExPS/2 Generic Explorer Mouse as /devices/platform/i8042/serio1/input/input4
[    1.325729] e1000 0000:00:03.0 eth0: (PCI:33MHz:32-bit) 02:a6:12:9f:2a:1a
[    1.327268] e1000 0000:00:03.0 eth0: Intel(R) PRO/1000 Network Connection
[    1.330533] mptbase: ioc0: Initiating bringup
[    1.332531] e1000 0000:00:03.0 enp0s3: renamed from eth0
[    2.384959] ioc0: LSI53C1030 A0: Capabilities={Initiator}
[    2.627513] scsi host2: ioc0: LSI53C1030 A0, FwRev=00000000h, Ports=1, MaxQ=256, IRQ=20
[    2.797186] scsi 2:0:0:0: Direct-Access     VBOX     HARDDISK         1.0  PQ: 0 ANSI: 5
[    2.832601] scsi target2:0:0: Beginning Domain Validation
[    2.836097] scsi target2:0:0: Domain Validation skipping write tests
[    2.838389] scsi target2:0:0: Ending Domain Validation
[    2.840396] scsi target2:0:0: asynchronous
[    2.841606] scsi 2:0:1:0: Direct-Access     VBOX     HARDDISK         1.0  PQ: 0 ANSI: 5
[    2.884854] scsi target2:0:1: Beginning Domain Validation
[    2.887808] scsi target2:0:1: Domain Validation skipping write tests
[    2.889773] scsi target2:0:1: Ending Domain Validation
[    2.891304] scsi target2:0:1: asynchronous
[    2.898566] sd 2:0:0:0: Attached scsi generic sg0 type 0
[    2.901054] sd 2:0:0:0: [sda] 83886080 512-byte logical blocks: (42.9 GB/40.0 GiB)
[    2.901394] sd 2:0:1:0: [sdb] 20480 512-byte logical blocks: (10.5 MB/10.0 MiB)
[    2.903402] sd 2:0:1:0: Attached scsi generic sg1 type 0
[    2.904342] sd 2:0:0:0: [sda] Write Protect is off
[    2.905794] sd 2:0:1:0: [sdb] Write Protect is off
[    2.907781] sd 2:0:0:0: [sda] Incomplete mode parameter data
[    2.907791] sd 2:0:1:0: [sdb] Incomplete mode parameter data
[    2.908770] sd 2:0:0:0: [sda] Assuming drive cache: write through
[    2.909874] sd 2:0:1:0: [sdb] Assuming drive cache: write through
[    2.913193]  sda: sda1
[    2.914041] sd 2:0:0:0: [sda] Attached SCSI disk
[    2.933057] sd 2:0:1:0: [sdb] Attached SCSI disk
Begin: Loading essential drivers ... [    4.364089] raid6: sse2x1   gen()  7008 MB/s
[    4.412320] raid6: sse2x1   xor()  5718 MB/s
[    4.460417] raid6: sse2x2   gen() 14515 MB/s
[    4.508400] raid6: sse2x2   xor()  9014 MB/s
[    4.556455] raid6: sse2x4   gen() 15249 MB/s
[    4.604503] raid6: sse2x4   xor()  8341 MB/s
[    4.652264] raid6: avx2x1   gen() 13085 MB/s
[    4.700408] raid6: avx2x1   xor() 10596 MB/s
[    4.748014] raid6: avx2x2   gen() 20826 MB/s
[    4.796093] raid6: avx2x2   xor() 12221 MB/s
[    4.844062] raid6: avx2x4   gen() 21483 MB/s
[    4.892626] raid6: avx2x4   xor() 10657 MB/s
[    4.893268] raid6: using algorithm avx2x4 gen() 21483 MB/s
[    4.894302] raid6: .... xor() 10657 MB/s, rmw enabled
[    4.895455] raid6: using avx2x2 recovery algorithm
[    4.897875] xor: automatically using best checksumming function   avx       
[    4.899680] async_tx: api initialized (async)
done.
Begin: Running /scripts/init-premount ... done.
Begin: Mounting root file system ... Begin: Running /scripts/local-top ... done.
Begin: Running /scripts/local-premount ... [    4.943827] Btrfs loaded, crc32c=crc32c-intel
Scanning for Btrfs filesystems
done.
Warning: fsck not present, so skipping root file system
[    4.969082] EXT4-fs (sda1): mounted filesystem with ordered data mode. Opts: (null)
done.
Begin: Running /scripts/local-bottom ... done.
Begin: Running /scripts/init-bottom ... done.
[    5.098087] ip_tables: (C) 2000-2006 Netfilter Core Team
[    5.105888] systemd[1]: systemd 237 running in system mode. (+PAM +AUDIT +SELINUX +IMA +APPARMOR +SMACK +SYSVINIT +UTMP +LIBCRYPTSETUP +GCRYPT +GNUTLS +ACL +XZ +LZ4 +SECCOMP +BLKID +ELFUTILS +KMOD -IDN2 +IDN -PCRE2 default-hierarchy=hybrid)
[    5.109629] systemd[1]: Detected virtualization oracle.
[    5.110483] systemd[1]: Detected architecture x86-64.

Welcome to [1mUbuntu 18.04.6 LTS[0m!

[    5.116016] systemd[1]: Set hostname to <ubuntu>.
[    5.120315] systemd[1]: Initializing machine ID from random generator.
[    5.121321] systemd[1]: Installed transient /etc/machine-id file.
[    5.347430] systemd[1]: Reached target System Time Synchronized.
[[0;32m  OK  [0m] Reached target System Time Synchronized.
[    5.349102] systemd[1]: Reached target Swap.
[[0;32m  OK  [0m] Reached target Swap.
[    5.351212] systemd[1]: Created slice User and Session Slice.
[[0;32m  OK  [0m] Created slice User and Session Slice.
[    5.352884] systemd[1]: Set up automount Arbitrary Executable File Formats File System Automount Point.
[[0;32m  OK  [0m] Set up automount Arbitrary Executab…rmats File System Automount Point.
[[0;32m  OK  [0m] Created slice System Slice.
[[0;32m  OK  [0m] Listening on Journal Audit Socket.
[[0;32m  OK  [0m] Listening on udev Control Socket.
[[0;32m  OK  [0m] Listening on /dev/initctl Compatibility Named Pipe.
[[0;32m  OK  [0m] Listening on udev Kernel Socket.
[[0;32m  OK  [0m] Listening on Syslog Socket.
[[0;32m  OK  [0m] Created slice system-serial\x2dgetty.slice.
[[0;32m  OK  [0m] Listening on Journal Socket (/dev/log).
[[0;32m  OK  [0m] Listening on LVM2 poll daemon socket.
[[0;32m  OK  [0m] Reached target Slices.
[[0;32m  OK  [0m] Listening on fsck to fsckd communication Socket.
[[0;32m  OK  [0m] Listening on Device-mapper event daemon FIFOs.
[[0;32m  OK  [0m] Reached target User and Group Name Lookups.
[[0;32m  OK  [0m] Listening on Journal Socket.
         Starting Load Kernel Modules...
         Mounting Huge Pages File System...
         Mounting Kernel Debug File System...
         Mounting POSIX Message Queue File System...
         Starting Uncomplicated firewall...
         Starting Create list of required st…ce nodes for the current kernel...
         Starting udev Coldplug all Devices...
         Starting Journal Service...
[[0;32m  OK  [0m] Listening on Network Service Netlink Socket.
[[0;32m  OK  [0m] Started Forward Password Requests to Wall Directory Watch.
         Starting Set the console keyboard layout...
[[0;32m  OK  [0m] Listening on LVM2 metadata daemon socket.
         Starting Monitoring of LVM2 mirrors…ng dmeventd or progress polling...
[    5.425217] Loading iSCSI transport class v2.0-870.
         Starting File System Check on Root Device...
[[0;32m  OK  [0m] Started Journal Service.
[[0;32m  OK  [0m] Mounted Huge Pages File System.
[[0;32m  OK  [0m] Mounted Kernel Debug File System.
[[0;32m  OK  [0m] Mounted POSIX Message Queue File System.
[[0;32m  OK  [0m] Started Uncomplicated firewall.
[[0;32m  OK  [0m] Started Create list of required sta…vice nodes for the current kernel.
[[0;32m  OK  [0m] Started File System Check Daemon to report status.
[[0;32m  OK  [0m] Started LVM2 metadata daemon.
         Starting Create Static Device Nodes in /dev...
[    5.518438] iscsi: registered transport (tcp)
[[0;32m  OK  [0m] Started udev Coldplug all Devices.
[[0;32m  OK  [0m] Started Create Static Device Nodes in /dev.
[[0;32m  OK  [0m] Started File System Check on Root Device.
         Starting Remount Root and Kernel File Systems...
[    5.601173] iscsi: registered transport (iser)
[[0;32m  OK  [0m] Started Load Kernel Modules.
         Mounting Kernel Configuration File System...
         Starting Apply Kernel Variables...
         Mounting FUSE Control File System...
[[0;32m  OK  [0m] Mounted Kernel Configuration File System.
[[0;32m  OK  [0m] Started Monitoring of LVM2 mirrors,…sing dmeventd or progress polling.
[[0;32m  OK  [0m] Mounted FUSE Control File System.
[[0;32m  OK  [0m] Started Remount Root and Kernel File Systems.
         Starting Load/Save Random Seed...
         Starting Flush Journal to Persistent Storage...
         Starting udev Kernel Device Manager...
[[0;32m  OK  [0m] Started Apply Kernel Variables.
[[0;32m  OK  [0m] Started Load/Save Random Seed.
[[0;32m  OK  [0m] Started udev Kernel Device Manager.
[[0;32m  OK  [0m] Started Flush Journal to Persistent Storage.
[[0;32m  OK  [0m] Found device /dev/ttyS0.
[[0;32m  OK  [0m] Listening on Load/Save RF Kill Switch Status /dev/rfkill Watch.
         Mounting Arbitrary Executable File Formats File System...
[[0;32m  OK  [0m] Mounted Arbitrary Executable File Formats File System.
[[0;32m  OK  [0m] Started Set the console keyboard layout.
[[0;32m  OK  [0m] Reached target Local File Systems (Pre).
[[0;32m  OK  [0m] Reached target Local File Systems.
         Starting AppArmor initialization...
         Starting Create Volatile Files and Directories...
         Starting Set console font and keymap...
         Starting ebtables ruleset management...
         Starting Tell Plymouth To Write Out Runtime Data...
         Starting Commit a transient machine-id on disk...
[[0;32m  OK  [0m] Started Dispatch Password Requests to Console Directory Watch.
[[0;32m  OK  [0m] Reached target Local Encrypted Volumes.
[[0;32m  OK  [0m] Started Tell Plymouth To Write Out Runtime Data.
[[0;32m  OK  [0m] Started Create Volatile Files and Directories.
         Starting Update UTMP about System Boot/Shutdown...
[[0;32m  OK  [0m] Started Update UTMP about System Boot/Shutdown.
[[0;32m  OK  [0m] Started Commit a transient machine-id on disk.
[[0;32m  OK  [0m] Started ebtables ruleset management.
[[0;32m  OK  [0m] Started Set console font and keymap.
[[0;32m  OK  [0m] Started AppArmor initialization.
         Starting Load AppArmor profiles managed internally by snapd...
         Starting Initial cloud-init job (pre-networking)...
[[0;32m  OK  [0m] Started Load AppArmor profiles managed internally by snapd.
[    9.176149] cloud-init[816]: Cloud-init v. 22.3.4-0ubuntu1~18.04.1 running 'init-local' at Thu, 24 Nov 2022 05:56:44 +0000. Up 8.85 seconds.
[[0;32m  OK  [0m] Started Initial cloud-init job (pre-networking).
[[0;32m  OK  [0m] Reached target Network (Pre).
         Starting Network Service...
[[0;32m  OK  [0m] Started Network Service.
         Starting Network Name Resolution...
         Starting Wait for Network to be Configured...
[[0;32m  OK  [0m] Started Network Name Resolution.
[[0;32m  OK  [0m] Reached target Host and Network Name Lookups.
[[0;32m  OK  [0m] Reached target Network.
[[0;32m  OK  [0m] Started Wait for Network to be Configured.
         Starting Initial cloud-init job (metadata service crawler)...
[   11.021655] cloud-init[932]: Cloud-init v. 22.3.4-0ubuntu1~18.04.1 running 'init' at Thu, 24 Nov 2022 05:56:46 +0000. Up 10.88 seconds.
[   11.025281] cloud-init[932]: ci-info: ++++++++++++++++++++++++++++++++++++++Net device info++++++++++++++++++++++++++++++++++++++
[   11.027596] cloud-init[932]: ci-info: +--------+------+----------------------------+---------------+--------+-------------------+
[   11.029249] cloud-init[932]: ci-info: | Device |  Up  |          Address           |      Mask     | Scope  |     Hw-Address    |
[   11.031000] cloud-init[932]: ci-info: +--------+------+----------------------------+---------------+--------+-------------------+
[   11.032986] cloud-init[932]: ci-info: | enp0s3 | True |         10.0.2.15          | 255.255.255.0 | global | 02:a6:12:9f:2a:1a |
[   11.034761] cloud-init[932]: ci-info: | enp0s3 | True | fe80::a6:12ff:fe9f:2a1a/64 |       .       |  link  | 02:a6:12:9f:2a:1a |
[   11.036865] cloud-init[932]: ci-info: |   lo   | True |         127.0.0.1          |   255.0.0.0   |  host  |         .         |
[   11.038878] cloud-init[932]: ci-info: |   lo   | True |          ::1/128           |       .       |  host  |         .         |
[   11.041050] cloud-init[932]: ci-info: +--------+------+----------------------------+---------------+--------+-------------------+
[   11.043143] cloud-init[932]: ci-info: ++++++++++++++++++++++++++++Route IPv4 info+++++++++++++++++++++++++++++
[   11.047031] cloud-init[932]: ci-info: +-------+-------------+----------+-----------------+-----------+-------+
[   11.060438] cloud-init[932]: ci-info: | Route | Destination | Gateway  |     Genmask     | Interface | Flags |
[   11.062371] cloud-init[932]: ci-info: +-------+-------------+----------+-----------------+-----------+-------+
[   11.064270] cloud-init[932]: ci-info: |   0   |   0.0.0.0   | 10.0.2.2 |     0.0.0.0     |   enp0s3  |   UG  |
[   11.065898] cloud-init[932]: ci-info: |   1   |   10.0.2.0  | 0.0.0.0  |  255.255.255.0  |   enp0s3  |   U   |
[   11.067491] cloud-init[932]: ci-info: |   2   |   10.0.2.2  | 0.0.0.0  | 255.255.255.255 |   enp0s3  |   UH  |
[   11.069210] cloud-init[932]: ci-info: +-------+-------------+----------+-----------------+-----------+-------+
[   11.072475] cloud-init[932]: ci-info: +++++++++++++++++++Route IPv6 info+++++++++++++++++++
[   11.073805] cloud-init[932]: ci-info: +-------+-------------+---------+-----------+-------+
[   11.075413] cloud-init[932]: ci-info: | Route | Destination | Gateway | Interface | Flags |
[   11.076741] cloud-init[932]: ci-info: +-------+-------------+---------+-----------+-------+
[   11.078370] cloud-init[932]: ci-info: |   1   |  fe80::/64  |    ::   |   enp0s3  |   U   |
[   11.079854] cloud-init[932]: ci-info: |   3   |    local    |    ::   |   enp0s3  |   U   |
[   11.081294] cloud-init[932]: ci-info: |   4   |   ff00::/8  |    ::   |   enp0s3  |   U   |
[   11.082860] cloud-init[932]: ci-info: +-------+-------------+---------+-----------+-------+
[   12.147601] cloud-init[932]: Generating public/private rsa key pair.
[   12.149185] cloud-init[932]: Your identification has been saved in /etc/ssh/ssh_host_rsa_key.
[   12.150900] cloud-init[932]: Your public key has been saved in /etc/ssh/ssh_host_rsa_key.pub.
[   12.152688] cloud-init[932]: The key fingerprint is:
[   12.153788] cloud-init[932]: SHA256:FotbCamitlgotAkiBXPjrj38vT3e17jqwt4dqWrNa0k root@ubuntu-bionic
[   12.155193] cloud-init[932]: The key's randomart image is:
[   12.156133] cloud-init[932]: +---[RSA 2048]----+
[   12.157226] cloud-init[932]: |o o              |
[   12.158556] cloud-init[932]: | = .   .         |
[   12.159629] cloud-init[932]: |  o   o .        |
[   12.160782] cloud-init[932]: | o   . o +       |
[   12.162134] cloud-init[932]: |+.o . . S        |
[   12.163697] cloud-init[932]: |=*o.   +  E  .   |
[   12.165072] cloud-init[932]: |=+=   .. + .oo   |
[   12.166116] cloud-init[932]: |+..o . .=o=oo..  |
[   12.167325] cloud-init[932]: |..  . o==*B+o.   |
[   12.168399] cloud-init[932]: +----[SHA256]-----+
[   12.169641] cloud-init[932]: Generating public/private dsa key pair.
[   12.172685] cloud-init[932]: Your identification has been saved in /etc/ssh/ssh_host_dsa_key.
[   12.175208] cloud-init[932]: Your public key has been saved in /etc/ssh/ssh_host_dsa_key.pub.
[   12.179909] cloud-init[932]: The key fingerprint is:
[   12.181136] cloud-init[932]: SHA256:KDhGbu1YI2ndQjB/P02UDyxqH2iqI2oeL/5lyajC52E root@ubuntu-bionic
[   12.182698] cloud-init[932]: The key's randomart image is:
[   12.183925] cloud-init[932]: +---[DSA 1024]----+
[   12.185087] cloud-init[932]: |  o      ...     |
[   12.186211] cloud-init[932]: |   +    ..+      |
[   12.187061] cloud-init[932]: |  . o .o ..o     |
[   12.187931] cloud-init[932]: | o * o=o.o  .    |
[   12.188830] cloud-init[932]: |  X B+o.S..      |
[   12.189642] cloud-init[932]: | + *++. ..       |
[   12.190525] cloud-init[932]: |...E.=           |
[   12.191454] cloud-init[932]: |o+B.+            |
[   12.193254] cloud-init[932]: |B===             |
[   12.194197] cloud-init[932]: +----[SHA256]-----+
[   12.204811] cloud-init[932]: Generating public/private ecdsa key pair.
[   12.206042] cloud-init[932]: Your identification has been saved in /etc/ssh/ssh_host_ecdsa_key.
[   12.207692] cloud-init[932]: Your public key has been saved in /etc/ssh/ssh_host_ecdsa_key.pub.
[   12.209029] cloud-init[932]: The key fingerprint is:
[   12.220842] cloud-init[932]: SHA256:JBemC6GOf0CsG2uPHuBvIm+POhDvgo9DXqaD/O793Fk root@ubuntu-bionic
[   12.222524] cloud-init[932]: The key's randomart image is:
[   12.224777] cloud-init[932]: +---[ECDSA 256]---+
[   12.227338] cloud-init[932]: |    .   o        |
[   12.228121] cloud-init[932]: | . . . o .       |
[   12.228961] cloud-init[932]: |  + . o o        |
[   12.240427] cloud-init[932]: |.=   . =         |
[   12.241460] cloud-init[932]: |=oo   . S        |
[   12.242751] cloud-init[932]: [[0;32m  OK  [0m] Started Initial cloud-init job (metadata service crawler).
[[0;32m  OK  [0m] Reached target Cloud-config availability.
[[0;32m  OK  [0m] Reached target Network is Online.
|+*.+             |
[   12.246204] cloud-init[932]:          Starting Availability of block devices...
[[0;32m  OK  [0m] Reached target Remote File Systems (Pre).
[[0;32m  OK  [0m] Reached target Remote File Systems.
[[0;32m  OK  [0m] Reached target System Initialization.
[[0;32m  OK  [0m] Listening on Open-iSCSI iscsid Socket.
[[0;32m  OK  [0m] Started Daily Cleanup of Temporary Directories.
[[0;32m  OK  [0m] Listening on UUID daemon activation socket.
[[0;32m  OK  [0m] Started Daily apt download activities.
[[0;32m  OK  [0m] Started Daily apt upgrade and clean activities.
|X== .      E     |         Starting Socket activation for snappy daemon.
[[0;32m  OK  [0m] Started Discard unused blocks once a week.
[[0;32m  OK  [0m] Listening on cloud-init hotplug hook socket.
[[0;32m  OK  [0m] Listening on ACPID Listen Socket.
[[0;32m  OK  [0m] Listening on D-Bus System Message Bus Socket.

         Starting LXD - unix socket.
[   12.268642] cloud-init[932]: |OBB+. . . o      |
[   12.269517] cloud-init[932]: [[0;32m  OK  [0m] Started ACPI Events Check.
[[0;32m  OK  [0m] Reached target Paths.
|=@@B...o o       |[[0;32m  OK  [0m] Started Message of the Day.
[[0;32m  OK  [0m] Started Ubuntu Advantage Timer for running repeated jobs.
[[0;32m  OK  [0m] Reached target Timers.
[   12.272940] cloud-init[932]: +----[SHA256]-----+

[   12.273847] cloud-init[932]: Generating public/private ed25519 key pair.[[0;32m  OK  [0m] Started Availability of block devices.
[[0;32m  OK  [0m] Listening on Socket activation for snappy daemon.
[[0;32m  OK  [0m] Listening on LXD - unix socket.
[[0;32m  OK  [0m] Reached target Sockets.
[[0;32m  OK  [0m] Reached target Basic System.

[   12.277890] cloud-init[932]: Your identification has been saved in /etc/ssh/ssh_host_ed25519_key.         Starting LSB: Record successful boot for GRUB...
         Starting LSB: automatic crash report generation...
[[0;32m  OK  [0m] Started irqbalance daemon.

[   12.286075] cloud-init[932]: Your public key has been saved in /etc/ssh/ssh_host_ed25519_key.pub.         Starting Permit User Sessions...

[[0;32m  OK  [0m] Started FUSE filesystem for LXC.
[   12.289957] cloud-init[932]: [[0;32m  OK  [0m] Started Deferred execution scheduler.
The key fingerprint is:
[   12.293553] cloud-init[932]: SHA256:9fBiHql/L+PSmJCeQW/lykIj3tzb4h2xnw5yhBJBHyg root@ubuntu-bionic
[   12.297326] cloud-init[932]: The key's randomart image is:
[   12.299291] cloud-init[932]: +--[ED25519 256]--+
[   12.300083] cloud-init[932]: |       .o..      |
[   12.301010] cloud-init[932]: |      E .o .     |
[   12.301673] cloud-init[932]: |       .. +      |
[   12.302785] cloud-init[932]: |        .o *.    |
[   12.305502] cloud-init[932]: |       .So*o=    |
[   12.307046] cloud-init[932]: |      . *=o+.o   |
[   12.307815] cloud-init[932]: |     . *.Oo==    |
[   12.308592] cloud-init[932]: |      . *.O==+ . |
[   12.309606] cloud-init[932]: |         o+*+==  |
[   12.310356] cloud-init[932]: +----[SHA256]-----+
         Starting Dispatcher daemon for systemd-networkd...
         Starting Accounts Service...
         Starting Login Service...
         Starting LXD - container startup/shutdown...
[[0;32m  OK  [0m] Started Regular background program processing daemon.
         Starting Pollinate to seed the pseudo random number generator...
[[0;32m  OK  [0m] Reached target Login Prompts (Pre).
[[0;32m  OK  [0m] Started D-Bus System Message Bus.
         Starting Virtualbox guest utils...
         Starting System Logging Service...
         Starting Snap Daemon...
[[0;32m  OK  [0m] Started Permit User Sessions.
[[0;32m  OK  [0m] Started LXD - container startup/shutdown.
[[0;32m  OK  [0m] Started Login Service.
[[0;32m  OK  [0m] Started Unattended Upgrades Shutdown.
         Starting Hold until boot process finishes up...
         Starting Terminate Plymouth Boot Screen...
[[0;32m  OK  [0m] Started Hold until boot process finishes up.
[[0;32m  OK  [0m] Started Serial Getty on ttyS0.
         Starting Set console scheme...
[[0;32m  OK  [0m] Started Terminate Plymouth Boot Screen.
[[0;32m  OK  [0m] Started LSB: automatic crash report generation.
[[0;32m  OK  [0m] Started Set console scheme.
[[0;32m  OK  [0m] Created slice system-getty.slice.
[[0;32m  OK  [0m] Started Getty on tty1.
[[0;32m  OK  [0m] Reached target Login Prompts.
         Starting Authorization Manager...
[[0;32m  OK  [0m] Started System Logging Service.
[[0;32m  OK  [0m] Started LSB: Record successful boot for GRUB.
[[0;32m  OK  [0m] Started Authorization Manager.
[[0;32m  OK  [0m] Started Accounts Service.
[[0;32m  OK  [0m] Started Virtualbox guest utils.
[[0;32m  OK  [0m] Started Dispatcher daemon for systemd-networkd.
[[0;32m  OK  [0m] Started Snap Daemon.
         Starting Wait until snapd is fully seeded...
         Starting Time & Date Service...
[[0;32m  OK  [0m] Started Time & Date Service.
[[0;32m  OK  [0m] Started Pollinate to seed the pseudo random number generator.
         Starting OpenBSD Secure Shell server...
[[0;32m  OK  [0m] Started OpenBSD Secure Shell server.
[[0;32m  OK  [0m] Created slice User Slice of vagrant.
         Starting User Manager for UID 1000...
[[0;32m  OK  [0m] Started Session 1 of user vagrant.
[[0;32m  OK  [0m] Started User Manager for UID 1000.
[[0;32m  OK  [0m] Started Wait until snapd is fully seeded.
         Starting Apply the settings specified in cloud-config...
[   17.616147] cloud-init[1576]: Cloud-init v. 22.3.4-0ubuntu1~18.04.1 running 'modules:config' at Thu, 24 Nov 2022 05:56:52 +0000. Up 16.59 seconds.
ci-info: no authorized SSH keys fingerprints found for user ubuntu.
<14>Nov 24 05:56:54 cloud-init: #############################################################
<14>Nov 24 05:56:54 cloud-init: -----BEGIN SSH HOST KEY FINGERPRINTS-----
<14>Nov 24 05:56:54 cloud-init: 1024 SHA256:KDhGbu1YI2ndQjB/P02UDyxqH2iqI2oeL/5lyajC52E root@ubuntu-bionic (DSA)
<14>Nov 24 05:56:54 cloud-init: 256 SHA256:JBemC6GOf0CsG2uPHuBvIm+POhDvgo9DXqaD/O793Fk root@ubuntu-bionic (ECDSA)
<14>Nov 24 05:56:54 cloud-init: 256 SHA256:9fBiHql/L+PSmJCeQW/lykIj3tzb4h2xnw5yhBJBHyg root@ubuntu-bionic (ED25519)
<14>Nov 24 05:56:54 cloud-init: 2048 SHA256:FotbCamitlgotAkiBXPjrj38vT3e17jqwt4dqWrNa0k root@ubuntu-bionic (RSA)
<14>Nov 24 05:56:54 cloud-init: -----END SSH HOST KEY FINGERPRINTS-----
<14>Nov 24 05:56:54 cloud-init: #############################################################
-----BEGIN SSH HOST KEY KEYS-----
ecdsa-sha2-nistp256 AAAAE2VjZHNhLXNoYTItbmlzdHAyNTYAAAAIbmlzdHAyNTYAAABBBDB0Mo8oXLhsp++UIKG6pg0e5ih7IDhZ/WWm48infocH1Yw/QRhuWr2CthC3FYsPSN0kpFzWo5nLhfiYwAHuCIg= root@ubuntu-bionic
ssh-ed25519 AAAAC3NzaC1lZDI1NTE5AAAAIKMqGkWdTcgBEKtPzGs9/MO8IZgEh0/KFTDdX9bwEM02 root@ubuntu-bionic
ssh-rsa AAAAB3NzaC1yc2EAAAADAQABAAABAQDWmvNyNdpgzGw+o6FIUxsVfqt224d/Lqc1sIZOJcTSpYe7ZYGvoHVbzDVoy4oRifV6c5Z3ruqFNnidW+gegd5mhlSqHW/TgMhSLgN/qIEDf/kbMP9gNf8P34/XnDJsbSgbN1w7mPD/HuidfhGDqJ0c4Z8avrB10fQr+W8EQQm4tTLOhVfArTBjD8lwCBkGaANFZgpNpXc3yl82Av9esJ47PoZt6cEZOpukcc/A2EcvkhRDLjIhmudYpbEq5Iunz4w2RvyW3ndA8MyMGXVZa8eoMJ8C+dKstmHApGpdHLerqsskQVvPFH+8Ad+VjD5Wm2GPuCG5ISyZpiTiHf6K03hR root@ubuntu-bionic
-----END SSH HOST KEY KEYS-----
[   18.549253] cloud-init[1686]: Cloud-init v. 22.3.4-0ubuntu1~18.04.1 running 'modules:final' at Thu, 24 Nov 2022 05:56:54 +0000. Up 18.26 seconds.
[   18.549460] cloud-init[1686]: Cloud-init v. 22.3.4-0ubuntu1~18.04.1 finished at Thu, 24 Nov 2022 05:56:54 +0000. Datasource DataSourceNoCloud [seed=/dev/sdb][dsmode=net].  Up 18.53 seconds

Ubuntu 18.04.6 LTS ubuntu-bionic ttyS0

ubuntu-bionic login: 